filenameA: /home/zhangning/slepc-3.7.3/src/eps/examples/tutorials/mat/fem5/FEM_Stiff_5.petsc.bin
Getting matrix...
Getting matrix... Done
filenameB: /home/zhangning/slepc-3.7.3/src/eps/examples/tutorials/mat/fem5/FEM_Mass_5.petsc.bin
Getting matrix...
Getting matrix... Done
nev: 3, eigen_max_iter: 50, cg_max_iter: 20, eigen_tol: 1.000000e-08, cg_rate: 1.000000e-03
init vec: filename: /home/zhangning/slepc-3.7.3/src/eps/examples/tutorials/mat/fem5/randx_5.txt
Reading vector...
nunlock(-1)= 3; max_res(-1)= 3.287275e+00; min_res(-1)= 1.418136e+00
'in while, the iter: -2 LAPACKsyev:'
'approx_eval[0] = 720.856108853511159, abosolute residual: 1.418136e+00'
'approx_eval[1] = 8017.162328719555262, abosolute residual: 3.230704e+00'
'approx_eval[2] = 8589.332373916047800, abosolute residual: 3.287275e+00'
nunlock(0)= 3; max_res(0)= 3.374192e-01; min_res(0)= 1.634469e-02
'in while, the iter: -1 LAPACKsyev:'
'approx_eval[0] = 20.678369222715709, abosolute residual: 1.634469e-02'
'approx_eval[1] = 214.991767159834609, abosolute residual: 3.088002e-01'
'approx_eval[2] = 263.787107171612035, abosolute residual: 3.374192e-01'
nunlock(1)= 3; max_res(1)= 1.110647e-01; min_res(1)= 3.051552e-03
'in while, the iter: 0 LAPACKsyev:'
'approx_eval[0] = 19.793802075330831, abosolute residual: 3.051552e-03'
'approx_eval[1] = 80.556886134424104, abosolute residual: 8.914809e-02'
'approx_eval[2] = 116.798053183232270, abosolute residual: 1.110647e-01'
'iter: 0, time: iter total: 0.002407, get w: 0.001625, orth: 0.000432, rayleigh-ritz: 0.000148, get x: 0.000031, get p: 0.000026'
nunlock(2)= 3; max_res(2)= 3.479009e-02; min_res(2)= 9.103753e-05
'in while, the iter: 1 LAPACKsyev:'
'approx_eval[0] = 19.786802238250079, abosolute residual: 9.103753e-05'
'approx_eval[1] = 51.892058486800892, abosolute residual: 3.479009e-02'
'approx_eval[2] = 100.191828094745972, abosolute residual: 2.479837e-02'
'iter: 1, time: iter total: 0.002347, get w: 0.001565, orth: 0.000427, rayleigh-ritz: 0.000148, get x: 0.000031, get p: 0.000034'
nunlock(3)= 3; max_res(3)= 1.831104e-01; min_res(3)= 2.139254e-05
'in while, the iter: 2 LAPACKsyev:'
'approx_eval[0] = 19.786792818077839, abosolute residual: 2.139254e-05'
'approx_eval[1] = 49.716458957146486, abosolute residual: 9.259282e-03'
'approx_eval[2] = 73.832441898464964, abosolute residual: 1.831104e-01'
'iter: 2, time: iter total: 0.002339, get w: 0.001558, orth: 0.000431, rayleigh-ritz: 0.000144, get x: 0.000031, get p: 0.000034'
nunlock(4)= 3; max_res(4)= 2.357426e-02; min_res(4)= 1.931652e-06
'in while, the iter: 3 LAPACKsyev:'
'approx_eval[0] = 19.786792333145183, abosolute residual: 1.931652e-06'
'approx_eval[1] = 49.645426906603326, abosolute residual: 2.532901e-03'
'approx_eval[2] = 50.063355057668453, abosolute residual: 2.357426e-02'
'iter: 3, time: iter total: 0.002341, get w: 0.001561, orth: 0.000432, rayleigh-ritz: 0.000142, get x: 0.000031, get p: 0.000033'
nunlock(5)= 3; max_res(5)= 3.609876e-03; min_res(5)= 1.199212e-07
'in while, the iter: 4 LAPACKsyev:'
'approx_eval[0] = 19.786792330559592, abosolute residual: 1.199212e-07'
'approx_eval[1] = 49.583067725786570, abosolute residual: 3.609876e-03'
'approx_eval[2] = 49.676355467196288, abosolute residual: 2.411105e-03'
'iter: 4, time: iter total: 0.002295, get w: 0.001562, orth: 0.000402, rayleigh-ritz: 0.000133, get x: 0.000029, get p: 0.000034'
nunlock(6)= 3; max_res(6)= 2.405687e-03; min_res(6)= 1.724323e-08
'in while, the iter: 5 LAPACKsyev:'
'approx_eval[0] = 19.786792330542305, abosolute residual: 1.724323e-08'
'approx_eval[1] = 49.555623522380536, abosolute residual: 2.405687e-03'
'approx_eval[2] = 49.668012909012482, abosolute residual: 1.120768e-03'
'iter: 5, time: iter total: 0.002197, get w: 0.001468, orth: 0.000401, rayleigh-ritz: 0.000135, get x: 0.000029, get p: 0.000031'
nunlock(7)= 2; max_res(7)= 2.354163e-04; min_res(7)= 5.531101e-10
'in while, the iter: 6 LAPACKsyev:'
'approx_eval[0] = 19.786792330542177, abosolute residual: 5.531101e-10'
'approx_eval[1] = 49.552584123332899, abosolute residual: 2.354163e-04'
'approx_eval[2] = 49.667373394355010, abosolute residual: 1.067549e-04'
'iter: 6, time: iter total: 0.002197, get w: 0.001467, orth: 0.000406, rayleigh-ritz: 0.000129, get x: 0.000029, get p: 0.000032'
nunlock(8)= 2; max_res(8)= 5.725160e-05; min_res(8)= 2.351905e-10
'in while, the iter: 7 LAPACKsyev:'
'approx_eval[0] = 19.786792330542170, abosolute residual: 2.351905e-10'
'approx_eval[1] = 49.552530398347457, abosolute residual: 5.725160e-05'
'approx_eval[2] = 49.667362231270708, abosolute residual: 2.621726e-05'
'iter: 7, time: iter total: 0.001502, get w: 0.000978, orth: 0.000263, rayleigh-ritz: 0.000083, get x: 0.000022, get p: 0.000022'
nunlock(9)= 2; max_res(9)= 1.674227e-05; min_res(9)= 2.390043e-10
'in while, the iter: 8 LAPACKsyev:'
'approx_eval[0] = 19.786792330542152, abosolute residual: 2.390043e-10'
'approx_eval[1] = 49.552526519976944, abosolute residual: 1.674227e-05'
'approx_eval[2] = 49.667361413392264, abosolute residual: 7.682644e-06'
'iter: 8, time: iter total: 0.001501, get w: 0.000980, orth: 0.000267, rayleigh-ritz: 0.000082, get x: 0.000022, get p: 0.000017'
nunlock(10)= 2; max_res(10)= 3.665290e-06; min_res(10)= 2.461585e-10
'in while, the iter: 9 LAPACKsyev:'
'approx_eval[0] = 19.786792330542152, abosolute residual: 2.461585e-10'
'approx_eval[1] = 49.552526240505166, abosolute residual: 3.665290e-06'
'approx_eval[2] = 49.667361354507712, abosolute residual: 1.687161e-06'
'iter: 9, time: iter total: 0.001495, get w: 0.000979, orth: 0.000263, rayleigh-ritz: 0.000081, get x: 0.000022, get p: 0.000017'
nunlock(11)= 2; max_res(11)= 1.485943e-06; min_res(11)= 2.374220e-10
'in while, the iter: 10 LAPACKsyev:'
'approx_eval[0] = 19.786792330542138, abosolute residual: 2.374220e-10'
'approx_eval[1] = 49.552526221783602, abosolute residual: 1.485943e-06'
'approx_eval[2] = 49.667361350533440, abosolute residual: 6.860160e-07'
'iter: 10, time: iter total: 0.001441, get w: 0.000947, orth: 0.000252, rayleigh-ritz: 0.000078, get x: 0.000021, get p: 0.000017'
nunlock(12)= 2; max_res(12)= 3.080617e-07; min_res(12)= 2.034476e-10
'in while, the iter: 11 LAPACKsyev:'
'approx_eval[0] = 19.786792330542131, abosolute residual: 2.034476e-10'
'approx_eval[1] = 49.552526219597254, abosolute residual: 3.080617e-07'
'approx_eval[2] = 49.667361350065349, abosolute residual: 1.430682e-07'
'iter: 11, time: iter total: 0.001414, get w: 0.000924, orth: 0.000248, rayleigh-ritz: 0.000078, get x: 0.000021, get p: 0.000016'
nunlock(13)= 2; max_res(13)= 3.872807e-08; min_res(13)= 1.979585e-10
'in while, the iter: 12 LAPACKsyev:'
'approx_eval[0] = 19.786792330542134, abosolute residual: 1.979585e-10'
'approx_eval[1] = 49.552526219518207, abosolute residual: 3.872807e-08'
'approx_eval[2] = 49.667361350048282, abosolute residual: 1.807168e-08'
'iter: 12, time: iter total: 0.001418, get w: 0.000925, orth: 0.000247, rayleigh-ritz: 0.000084, get x: 0.000021, get p: 0.000016'
nunlock(14)= 0; max_res(14)= 5.683360e-09; min_res(14)= 1.959480e-10
'in while, the iter: 13 LAPACKsyev:'
'approx_eval[0] = 19.786792330542124, abosolute residual: 1.959480e-10'
'approx_eval[1] = 49.552526219517190, abosolute residual: 5.683360e-09'
'approx_eval[2] = 49.667361350048054, abosolute residual: 2.666432e-09'
'iter: 13, time: iter total: 0.001414, get w: 0.000924, orth: 0.000248, rayleigh-ritz: 0.000079, get x: 0.000021, get p: 0.000016'
'in while, the iter: 14 LAPACKsyev:'
'approx_eval[0] = 19.786792330542124, abosolute residual: 1.959480e-10'
'approx_eval[1] = 49.552526219517190, abosolute residual: 5.683360e-09'
'approx_eval[2] = 49.667361350048054, abosolute residual: 2.666432e-09'
'total time: 0.038094, get w: 0.019134, orth: 0.005234, rayleigh-ritz: 0.001976, get x: 0.000393, get p: 0.000345'
Total time: 0.038122
