filenameA: /home/zhangning/slepc-3.7.3/src/eps/examples/tutorials/mat/fem5/FEM_Stiff_5.petsc.bin
Getting matrix...
Getting matrix... Done
filenameB: /home/zhangning/slepc-3.7.3/src/eps/examples/tutorials/mat/fem5/FEM_Mass_5.petsc.bin
Getting matrix...
Getting matrix... Done
nev: 3, eigen_max_iter: 50, cg_max_iter: 20, eigen_tol: 1.000000e-08, cg_rate: 1.000000e-03
init vec: filename: /home/zhangning/slepc-3.7.3/src/eps/examples/tutorials/mat/fem5/randx_5.txt
Reading vector...
nunlock(-1)= 3; max_res(-1)= 3.287275e+00; min_res(-1)= 1.418136e+00
'in while, the iter: -2 LAPACKsyev:'
'approx_eval[0] = 720.856108853510818, abosolute residual: 1.418136e+00'
'approx_eval[1] = 8017.162328719561629, abosolute residual: 3.230704e+00'
'approx_eval[2] = 8589.332373916051438, abosolute residual: 3.287275e+00'
nunlock(0)= 3; max_res(0)= 3.374192e-01; min_res(0)= 1.634469e-02
'in while, the iter: -1 LAPACKsyev:'
'approx_eval[0] = 20.678369222718437, abosolute residual: 1.634469e-02'
'approx_eval[1] = 214.991767159832875, abosolute residual: 3.088002e-01'
'approx_eval[2] = 263.787107171609762, abosolute residual: 3.374192e-01'
nunlock(1)= 3; max_res(1)= 1.110647e-01; min_res(1)= 3.051552e-03
'in while, the iter: 0 LAPACKsyev:'
'approx_eval[0] = 19.793802075333389, abosolute residual: 3.051552e-03'
'approx_eval[1] = 80.556886134425682, abosolute residual: 8.914809e-02'
'approx_eval[2] = 116.798053183235581, abosolute residual: 1.110647e-01'
'iter: 0, time: iter total: 0.002757, get w: 0.001878, orth: 0.000478, rayleigh-ritz: 0.000196, get x: 0.000018, get p: 0.000015'
nunlock(2)= 3; max_res(2)= 3.479009e-02; min_res(2)= 9.103753e-05
'in while, the iter: 1 LAPACKsyev:'
'approx_eval[0] = 19.786802238252605, abosolute residual: 9.103753e-05'
'approx_eval[1] = 51.892058486801055, abosolute residual: 3.479009e-02'
'approx_eval[2] = 100.191828094751216, abosolute residual: 2.479837e-02'
'iter: 1, time: iter total: 0.002744, get w: 0.001877, orth: 0.000468, rayleigh-ritz: 0.000184, get x: 0.000025, get p: 0.000022'
nunlock(3)= 3; max_res(3)= 1.831104e-01; min_res(3)= 2.139254e-05
'in while, the iter: 2 LAPACKsyev:'
'approx_eval[0] = 19.786792818080357, abosolute residual: 2.139254e-05'
'approx_eval[1] = 49.716458957146642, abosolute residual: 9.259282e-03'
'approx_eval[2] = 73.832441899142310, abosolute residual: 1.831104e-01'
'iter: 2, time: iter total: 0.002729, get w: 0.001870, orth: 0.000469, rayleigh-ritz: 0.000181, get x: 0.000018, get p: 0.000021'
nunlock(4)= 3; max_res(4)= 2.357426e-02; min_res(4)= 1.931652e-06
'in while, the iter: 3 LAPACKsyev:'
'approx_eval[0] = 19.786792333147723, abosolute residual: 1.931652e-06'
'approx_eval[1] = 49.645426906603618, abosolute residual: 2.532901e-03'
'approx_eval[2] = 50.063355057679814, abosolute residual: 2.357426e-02'
'iter: 3, time: iter total: 0.002572, get w: 0.001762, orth: 0.000450, rayleigh-ritz: 0.000168, get x: 0.000017, get p: 0.000021'
nunlock(5)= 3; max_res(5)= 3.609876e-03; min_res(5)= 1.199212e-07
'in while, the iter: 4 LAPACKsyev:'
'approx_eval[0] = 19.786792330562132, abosolute residual: 1.199212e-07'
'approx_eval[1] = 49.583067725787487, abosolute residual: 3.609876e-03'
'approx_eval[2] = 49.676355467196849, abosolute residual: 2.411105e-03'
'iter: 4, time: iter total: 0.002529, get w: 0.001730, orth: 0.000435, rayleigh-ritz: 0.000165, get x: 0.000017, get p: 0.000020'
nunlock(6)= 3; max_res(6)= 2.405687e-03; min_res(6)= 1.724323e-08
'in while, the iter: 5 LAPACKsyev:'
'approx_eval[0] = 19.786792330544834, abosolute residual: 1.724323e-08'
'approx_eval[1] = 49.555623522382874, abosolute residual: 2.405687e-03'
'approx_eval[2] = 49.668012909013186, abosolute residual: 1.120768e-03'
'iter: 5, time: iter total: 0.002521, get w: 0.001721, orth: 0.000444, rayleigh-ritz: 0.000163, get x: 0.000017, get p: 0.000020'
nunlock(7)= 2; max_res(7)= 2.354163e-04; min_res(7)= 5.531102e-10
'in while, the iter: 6 LAPACKsyev:'
'approx_eval[0] = 19.786792330544706, abosolute residual: 5.531102e-10'
'approx_eval[1] = 49.552584123335791, abosolute residual: 2.354163e-04'
'approx_eval[2] = 49.667373394355849, abosolute residual: 1.067549e-04'
'iter: 6, time: iter total: 0.002576, get w: 0.001765, orth: 0.000435, rayleigh-ritz: 0.000163, get x: 0.000017, get p: 0.000020'
nunlock(8)= 2; max_res(8)= 5.725160e-05; min_res(8)= 2.351906e-10
'in while, the iter: 7 LAPACKsyev:'
'approx_eval[0] = 19.786792330544689, abosolute residual: 2.351906e-10'
'approx_eval[1] = 49.552530398347606, abosolute residual: 5.725160e-05'
'approx_eval[2] = 49.667362231270985, abosolute residual: 2.621726e-05'
'iter: 7, time: iter total: 0.001622, get w: 0.001086, orth: 0.000267, rayleigh-ritz: 0.000099, get x: 0.000012, get p: 0.000013'
nunlock(9)= 2; max_res(9)= 1.674227e-05; min_res(9)= 2.390044e-10
'in while, the iter: 8 LAPACKsyev:'
'approx_eval[0] = 19.786792330544685, abosolute residual: 2.390044e-10'
'approx_eval[1] = 49.552526519976730, abosolute residual: 1.674227e-05'
'approx_eval[2] = 49.667361413392499, abosolute residual: 7.682644e-06'
'iter: 8, time: iter total: 0.001626, get w: 0.001088, orth: 0.000277, rayleigh-ritz: 0.000094, get x: 0.000012, get p: 0.000011'
nunlock(10)= 2; max_res(10)= 3.665290e-06; min_res(10)= 2.461585e-10
'in while, the iter: 9 LAPACKsyev:'
'approx_eval[0] = 19.786792330544678, abosolute residual: 2.461585e-10'
'approx_eval[1] = 49.552526240504946, abosolute residual: 3.665290e-06'
'approx_eval[2] = 49.667361354507904, abosolute residual: 1.687161e-06'
'iter: 9, time: iter total: 0.001623, get w: 0.001085, orth: 0.000268, rayleigh-ritz: 0.000093, get x: 0.000012, get p: 0.000010'
nunlock(11)= 2; max_res(11)= 1.485943e-06; min_res(11)= 2.374221e-10
'in while, the iter: 10 LAPACKsyev:'
'approx_eval[0] = 19.786792330544682, abosolute residual: 2.374221e-10'
'approx_eval[1] = 49.552526221783445, abosolute residual: 1.485943e-06'
'approx_eval[2] = 49.667361350533689, abosolute residual: 6.860160e-07'
'iter: 10, time: iter total: 0.001624, get w: 0.001091, orth: 0.000270, rayleigh-ritz: 0.000095, get x: 0.000012, get p: 0.000010'
nunlock(12)= 2; max_res(12)= 3.080617e-07; min_res(12)= 2.034474e-10
'in while, the iter: 11 LAPACKsyev:'
'approx_eval[0] = 19.786792330544664, abosolute residual: 2.034474e-10'
'approx_eval[1] = 49.552526219597056, abosolute residual: 3.080617e-07'
'approx_eval[2] = 49.667361350065541, abosolute residual: 1.430682e-07'
'iter: 11, time: iter total: 0.001623, get w: 0.001082, orth: 0.000277, rayleigh-ritz: 0.000098, get x: 0.000012, get p: 0.000010'
nunlock(13)= 2; max_res(13)= 3.872808e-08; min_res(13)= 1.979584e-10
'in while, the iter: 12 LAPACKsyev:'
'approx_eval[0] = 19.786792330544671, abosolute residual: 1.979584e-10'
'approx_eval[1] = 49.552526219518057, abosolute residual: 3.872808e-08'
'approx_eval[2] = 49.667361350048502, abosolute residual: 1.807168e-08'
'iter: 12, time: iter total: 0.001614, get w: 0.001082, orth: 0.000268, rayleigh-ritz: 0.000097, get x: 0.000012, get p: 0.000010'
nunlock(14)= 0; max_res(14)= 5.683359e-09; min_res(14)= 1.959480e-10
'in while, the iter: 13 LAPACKsyev:'
'approx_eval[0] = 19.786792330544664, abosolute residual: 1.959480e-10'
'approx_eval[1] = 49.552526219517034, abosolute residual: 5.683359e-09'
'approx_eval[2] = 49.667361350048324, abosolute residual: 2.666432e-09'
'iter: 13, time: iter total: 0.001570, get w: 0.001053, orth: 0.000262, rayleigh-ritz: 0.000093, get x: 0.000011, get p: 0.000010'
'in while, the iter: 14 LAPACKsyev:'
'approx_eval[0] = 19.786792330544664, abosolute residual: 1.959480e-10'
'approx_eval[1] = 49.552526219517034, abosolute residual: 5.683359e-09'
'approx_eval[2] = 49.667361350048324, abosolute residual: 2.666432e-09'
'total time: 0.039551, get w: 0.022116, orth: 0.005703, rayleigh-ritz: 0.002406, get x: 0.000242, get p: 0.000214'
Total time: 0.039580
